<?xml version="1.0" encoding="UTF-8"?>
<testsuite name="br.com.codart.domain.entities.slot.SlotTest" tests="12" skipped="0" failures="0" errors="0" timestamp="2024-12-20T22:01:34" hostname="zorin-note-hp" time="0.115">
  <properties/>
  <testcase name="testReopenAvailableSlot()" classname="br.com.codart.domain.entities.slot.SlotTest" time="0.032"/>
  <testcase name="testReserveAvailableSlot()" classname="br.com.codart.domain.entities.slot.SlotTest" time="0.002"/>
  <testcase name="testRescheduleNonReservedSlot()" classname="br.com.codart.domain.entities.slot.SlotTest" time="0.002"/>
  <testcase name="testCancelAvailableSlot()" classname="br.com.codart.domain.entities.slot.SlotTest" time="0.003"/>
  <testcase name="testCreateSlotWithNegativeDuration()" classname="br.com.codart.domain.entities.slot.SlotTest" time="0.003"/>
  <testcase name="testReserveBlockedSlot()" classname="br.com.codart.domain.entities.slot.SlotTest" time="0.002"/>
  <testcase name="testReopenCancelledSlot()" classname="br.com.codart.domain.entities.slot.SlotTest" time="0.002"/>
  <testcase name="testCreateSlot()" classname="br.com.codart.domain.entities.slot.SlotTest" time="0.003"/>
  <testcase name="testCancelSlot()" classname="br.com.codart.domain.entities.slot.SlotTest" time="0.003"/>
  <testcase name="testBlockReservedSlot()" classname="br.com.codart.domain.entities.slot.SlotTest" time="0.006"/>
  <testcase name="testBlockSlot()" classname="br.com.codart.domain.entities.slot.SlotTest" time="0.004"/>
  <testcase name="testRescheduleReservedSlot()" classname="br.com.codart.domain.entities.slot.SlotTest" time="0.023"/>
  <system-out><![CDATA[]]></system-out>
  <system-err><![CDATA[]]></system-err>
</testsuite>
